<?xml version="1.0" encoding="UTF-8" standalone="no"?>
<testsuite errors="0" failures="0" name="io.cucumber.core.plugin.JUnitFormatter" skipped="0" tests="1" time="9.698">
    <testcase classname="Automate Web elements" name="AutomationCheckbox Element" time="9.512">
        <system-out><![CDATA[Given Properties Files are Setup............................................passed
And Browser is setup........................................................passed
When Browser is triggered...................................................passed
Then Check if browser is started............................................passed
Given user is on the home page of SpiceJet Page.............................passed
Then User selects checkbox of "Senior Citizen"..............................passed
]]></system-out>
    </testcase>
</testsuite>
