<?xml version="1.0" encoding="UTF-8"?>
<testng-results ignored="0" total="1" passed="1" failed="0" skipped="0">
  <reporter-output>
    <line>
      <![CDATA[Setting up the browser]]>
    </line>
    <line>
      <![CDATA[Creating Chrome Driver]]>
    </line>
    <line>
      <![CDATA[Maximizing the window to check if the browser is started.]]>
    </line>
    <line>
      <![CDATA[CDwindow-320DA10DC0D8270CA598DA3D2CA031EC]]>
    </line>
    <line>
      <![CDATA[Opening URL: https://www.spicejet.com/]]>
    </line>
    <line>
      <![CDATA[Clicking on Date Picker (OR Locator: xpath_datePicker)]]>
    </line>
  </reporter-output>
  <suite started-at="2023-02-22T12:54:10 IST" name="Default suite" finished-at="2023-02-22T12:54:18 IST" duration-ms="8454">
    <groups>
      <group name="cucumber">
        <method signature="AbstractTestNGCucumberTests.runScenario(io.cucumber.testng.PickleWrapper,io.cucumber.testng.FeatureWrapper)[pri:0, instance:cucumberOptions.TestNGTestRunner@139982de]" name="runScenario" class="io.cucumber.testng.AbstractTestNGCucumberTests"/>
      </group> <!-- cucumber -->
    </groups>
    <test started-at="2023-02-22T12:54:10 IST" name="Default test" finished-at="2023-02-22T12:54:18 IST" duration-ms="8454">
      <class name="cucumberOptions.TestNGTestRunner">
        <test-method is-config="true" signature="setUpClass(org.testng.ITestContext)[pri:0, instance:cucumberOptions.TestNGTestRunner@139982de]" started-at="2023-02-22T12:54:10 IST" name="setUpClass" finished-at="2023-02-22T12:54:10 IST" duration-ms="308" status="PASS">
          <params>
            <param index="0">
              <value>
                <![CDATA[org.testng.TestRunner@2d0b05]]>
              </value>
            </param>
          </params>
          <reporter-output>
          </reporter-output>
        </test-method> <!-- setUpClass -->
        <test-method signature="runScenario(io.cucumber.testng.PickleWrapper,io.cucumber.testng.FeatureWrapper)[pri:0, instance:cucumberOptions.TestNGTestRunner@139982de]" started-at="2023-02-22T12:54:10 IST" name="runScenario" description="Runs Cucumber Scenarios" data-provider="scenarios" finished-at="2023-02-22T12:54:18 IST" duration-ms="7982" status="PASS">
          <params>
            <param index="0">
              <value>
                <![CDATA["Automation of Calendar UI Element"]]>
              </value>
            </param>
            <param index="1">
              <value>
                <![CDATA["Automate Web elements"]]>
              </value>
            </param>
          </params>
          <reporter-output>
            <line>
              <![CDATA[Setting up the browser]]>
            </line>
            <line>
              <![CDATA[Creating Chrome Driver]]>
            </line>
            <line>
              <![CDATA[Maximizing the window to check if the browser is started.]]>
            </line>
            <line>
              <![CDATA[CDwindow-320DA10DC0D8270CA598DA3D2CA031EC]]>
            </line>
            <line>
              <![CDATA[Opening URL: https://www.spicejet.com/]]>
            </line>
            <line>
              <![CDATA[Clicking on Date Picker (OR Locator: xpath_datePicker)]]>
            </line>
          </reporter-output>
        </test-method> <!-- runScenario -->
        <test-method is-config="true" signature="tearDownClass()[pri:0, instance:cucumberOptions.TestNGTestRunner@139982de]" started-at="2023-02-22T12:54:18 IST" name="tearDownClass" finished-at="2023-02-22T12:54:18 IST" duration-ms="141" status="PASS">
          <reporter-output>
          </reporter-output>
        </test-method> <!-- tearDownClass -->
      </class> <!-- cucumberOptions.TestNGTestRunner -->
    </test> <!-- Default test -->
  </suite> <!-- Default suite -->
</testng-results>
