<?xml version="1.0" encoding="UTF-8"?>
<testng-results ignored="0" total="1" passed="1" failed="0" skipped="0">
  <reporter-output>
    <line>
      <![CDATA[Setting up the browser]]>
    </line>
    <line>
      <![CDATA[Creating Chrome Driver]]>
    </line>
    <line>
      <![CDATA[Maximizing the window to check if the browser is started.]]>
    </line>
    <line>
      <![CDATA[CDwindow-F3645ABF702A7A3941DCB59462427D57]]>
    </line>
    <line>
      <![CDATA[Opening URL: https://rahulshettyacademy.com/AutomationPractice/]]>
    </line>
  </reporter-output>
  <suite started-at="2023-02-21T19:38:45 IST" name="Default suite" finished-at="2023-02-21T19:38:50 IST" duration-ms="4939">
    <groups>
      <group name="cucumber">
        <method signature="AbstractTestNGCucumberTests.runScenario(io.cucumber.testng.PickleWrapper,io.cucumber.testng.FeatureWrapper)[pri:0, instance:cucumberOptions.TestNGTestRunner@139982de]" name="runScenario" class="io.cucumber.testng.AbstractTestNGCucumberTests"/>
      </group> <!-- cucumber -->
    </groups>
    <test started-at="2023-02-21T19:38:45 IST" name="Default test" finished-at="2023-02-21T19:38:50 IST" duration-ms="4939">
      <class name="cucumberOptions.TestNGTestRunner">
        <test-method is-config="true" signature="setUpClass(org.testng.ITestContext)[pri:0, instance:cucumberOptions.TestNGTestRunner@139982de]" started-at="2023-02-21T19:38:45 IST" name="setUpClass" finished-at="2023-02-21T19:38:45 IST" duration-ms="302" status="PASS">
          <params>
            <param index="0">
              <value>
                <![CDATA[org.testng.TestRunner@de81be1]]>
              </value>
            </param>
          </params>
          <reporter-output>
          </reporter-output>
        </test-method> <!-- setUpClass -->
        <test-method signature="runScenario(io.cucumber.testng.PickleWrapper,io.cucumber.testng.FeatureWrapper)[pri:0, instance:cucumberOptions.TestNGTestRunner@139982de]" started-at="2023-02-21T19:38:45 IST" name="runScenario" description="Runs Cucumber Scenarios" data-provider="scenarios" finished-at="2023-02-21T19:38:49 IST" duration-ms="4473" status="PASS">
          <params>
            <param index="0">
              <value>
                <![CDATA["Automating Dropdown Element"]]>
              </value>
            </param>
            <param index="1">
              <value>
                <![CDATA["Automate Web elements"]]>
              </value>
            </param>
          </params>
          <reporter-output>
            <line>
              <![CDATA[Setting up the browser]]>
            </line>
            <line>
              <![CDATA[Creating Chrome Driver]]>
            </line>
            <line>
              <![CDATA[Maximizing the window to check if the browser is started.]]>
            </line>
            <line>
              <![CDATA[CDwindow-F3645ABF702A7A3941DCB59462427D57]]>
            </line>
            <line>
              <![CDATA[Opening URL: https://rahulshettyacademy.com/AutomationPractice/]]>
            </line>
          </reporter-output>
        </test-method> <!-- runScenario -->
        <test-method is-config="true" signature="tearDownClass()[pri:0, instance:cucumberOptions.TestNGTestRunner@139982de]" started-at="2023-02-21T19:38:49 IST" name="tearDownClass" finished-at="2023-02-21T19:38:50 IST" duration-ms="133" status="PASS">
          <reporter-output>
          </reporter-output>
        </test-method> <!-- tearDownClass -->
      </class> <!-- cucumberOptions.TestNGTestRunner -->
    </test> <!-- Default test -->
  </suite> <!-- Default suite -->
</testng-results>
